Flutter crash report.
Please report a bug at https://github.com/flutter/flutter/issues.

## command

flutter --quiet assemble --no-version-check --depfile D:\flutterprojects\appcantina\build\app\intermediates\flutter\debug/flutter_build.d --output D:\flutterprojects\appcantina\build\app\intermediates\flutter\debug -dTargetFile=D:\flutterprojects\appcantina\lib\main.dart -dTargetPlatform=android -dBuildMode=debug -dTrackWidgetCreation=true --DartDefines=Zmx1dHRlci5pbnNwZWN0b3Iuc3RydWN0dXJlZEVycm9ycz10cnVl,RkxVVFRFUl9XRUJfQVVUT19ERVRFQ1Q9dHJ1ZQ== debug_android_application

## exception

ArgumentError: Invalid argument(s): Uri d:/flutterprojects/appcantina/lib/fonts/Lobster-Regular.ttf must have scheme 'file:'.

```
#0      WindowsStyle.pathFromUri (package:path/src/style/windows.dart:86:7)
#1      Context.fromUri (package:path/src/context.dart:1000:32)
#2      ManifestAssetBundle._resolveAsset (package:flutter_tools/src/asset.dart:896:47)
#3      ManifestAssetBundle._parseAssets (package:flutter_tools/src/asset.dart:785:34)
#4      ManifestAssetBundle.build (package:flutter_tools/src/asset.dart:261:54)
<asynchronous suspension>
#5      copyAssets (package:flutter_tools/src/build_system/targets/assets.dart:53:26)
<asynchronous suspension>
#6      AndroidAssetBundle.build (package:flutter_tools/src/build_system/targets/android.dart:64:34)
<asynchronous suspension>
#7      _BuildInstance._invokeInternal (package:flutter_tools/src/build_system/build_system.dart:839:9)
<asynchronous suspension>
#8      FlutterBuildSystem.build (package:flutter_tools/src/build_system/build_system.dart:606:16)
<asynchronous suspension>
#9      AssembleCommand.runCommand (package:flutter_tools/src/commands/assemble.dart:316:32)
<asynchronous suspension>
#10     FlutterCommand.run.<anonymous closure> (package:flutter_tools/src/runner/flutter_command.dart:1209:27)
<asynchronous suspension>
#11     AppContext.run.<anonymous closure> (package:flutter_tools/src/base/context.dart:150:19)
<asynchronous suspension>
#12     CommandRunner.runCommand (package:args/command_runner.dart:209:13)
<asynchronous suspension>
#13     FlutterCommandRunner.runCommand.<anonymous closure> (package:flutter_tools/src/runner/flutter_command_runner.dart:281:9)
<asynchronous suspension>
#14     AppContext.run.<anonymous closure> (package:flutter_tools/src/base/context.dart:150:19)
<asynchronous suspension>
#15     FlutterCommandRunner.runCommand (package:flutter_tools/src/runner/flutter_command_runner.dart:229:5)
<asynchronous suspension>
#16     run.<anonymous closure>.<anonymous closure> (package:flutter_tools/runner.dart:62:9)
<asynchronous suspension>
#17     AppContext.run.<anonymous closure> (package:flutter_tools/src/base/context.dart:150:19)
<asynchronous suspension>
#18     main (package:flutter_tools/executable.dart:91:3)
<asynchronous suspension>
```

## flutter doctor

```
[✓] Flutter (Channel stable, 3.3.8, on Microsoft Windows [versÆo 10.0.19045.2311], locale pt-BR)
    • Flutter version 3.3.8 on channel stable at C:\flutter
    • Upstream repository https://github.com/flutter/flutter.git
    • Framework revision 52b3dc25f6 (7 months ago), 2022-11-09 12:09:26 +0800
    • Engine revision 857bd6b74c
    • Dart version 2.18.4
    • DevTools version 2.15.0

[✓] Android toolchain - develop for Android devices (Android SDK version 33.0.0)
    • Android SDK at C:\Users\Aluno\AppData\Local\Android\sdk
    • Platform android-33, build-tools 33.0.0
    • Java binary at: C:\Program Files\Android\Android Studio\jre\bin\java
    • Java version OpenJDK Runtime Environment (build 11.0.13+0-b1751.21-8125866)
    • All Android licenses accepted.

[✓] Chrome - develop for the web
    • Chrome at C:\Program Files\Google\Chrome\Application\chrome.exe

[✓] Visual Studio - develop for Windows (Ferramentas de Build do Visual Studio 2022 17.4.1)
    • Visual Studio at C:\Program Files (x86)\Microsoft Visual Studio\2022\BuildTools
    • Ferramentas de Build do Visual Studio 2022 version 17.4.33110.190
    • Windows 10 SDK version 10.0.22621.0

[✓] Android Studio (version 2021.3)
    • Android Studio at C:\Program Files\Android\Android Studio
    • Flutter plugin can be installed from:
      🔨 https://plugins.jetbrains.com/plugin/9212-flutter
    • Dart plugin can be installed from:
      🔨 https://plugins.jetbrains.com/plugin/6351-dart
    • Java version OpenJDK Runtime Environment (build 11.0.13+0-b1751.21-8125866)

[✓] VS Code (version 1.78.1)
    • VS Code at C:\Users\Aluno\AppData\Local\Programs\Microsoft VS Code
    • Flutter extension can be installed from:
      🔨 https://marketplace.visualstudio.com/items?itemName=Dart-Code.flutter

[✓] Connected device (4 available)
    • sdk gphone64 x86 64 (mobile) • emulator-5554 • android-x64    • Android 12 (API 31) (emulator)
    • Windows (desktop)            • windows       • windows-x64    • Microsoft Windows [versÆo 10.0.19045.2311]
    • Chrome (web)                 • chrome        • web-javascript • Google Chrome 114.0.5735.110
    • Edge (web)                   • edge          • web-javascript • Microsoft Edge 107.0.1418.62

[✓] HTTP Host Availability
    • All required HTTP hosts are available

• No issues found!
```
